<?xml version="1.0" encoding="UTF-8"?>
<testsuites name="bun test" tests="1864" assertions="5572" failures="1" skipped="21" time="86.85270486">
  <testsuite name="test/permission-task.test.ts" file="test/permission-task.test.ts" tests="21" assertions="45" failures="0" skipped="0" time="0" hostname="benmurray-MS-7C84">
    <testsuite name="Permission.evaluate for permission.task" file="test/permission-task.test.ts" line="11" tests="9" assertions="16" failures="0" skipped="0" time="0.004" hostname="benmurray-MS-7C84">
      <testcase name="returns ask when no match (default)" classname="Permission.evaluate for permission.task" time="0.003" file="test/permission-task.test.ts" line="19" assertions="1" />
      <testcase name="returns deny for explicit deny" classname="Permission.evaluate for permission.task" time="0" file="test/permission-task.test.ts" line="23" assertions="1" />
      <testcase name="returns allow for explicit allow" classname="Permission.evaluate for permission.task" time="0" file="test/permission-task.test.ts" line="28" assertions="1" />
      <testcase name="returns ask for explicit ask" classname="Permission.evaluate for permission.task" time="0" file="test/permission-task.test.ts" line="33" assertions="1" />
      <testcase name="matches wildcard patterns with deny" classname="Permission.evaluate for permission.task" time="0" file="test/permission-task.test.ts" line="38" assertions="3" />
      <testcase name="matches wildcard patterns with allow" classname="Permission.evaluate for permission.task" time="0" file="test/permission-task.test.ts" line="45" assertions="2" />
      <testcase name="matches wildcard patterns with ask" classname="Permission.evaluate for permission.task" time="0.001" file="test/permission-task.test.ts" line="51" assertions="2" />
      <testcase name="later rules take precedence (last match wins)" classname="Permission.evaluate for permission.task" time="0" file="test/permission-task.test.ts" line="58" assertions="2" />
      <testcase name="matches global wildcard" classname="Permission.evaluate for permission.task" time="0" file="test/permission-task.test.ts" line="67" assertions="3" />
    </testsuite>
    <testsuite name="Permission.disabled for task tool" file="test/permission-task.test.ts" line="74" tests="6" assertions="6" failures="0" skipped="0" time="0" hostname="benmurray-MS-7C84">
      <testcase name="task tool is disabled when global deny pattern exists (even with specific allows)" classname="Permission.disabled for task tool" time="0" file="test/permission-task.test.ts" line="85" assertions="1" />
      <testcase name="task tool is disabled when global deny pattern exists (even with ask overrides)" classname="Permission.disabled for task tool" time="0" file="test/permission-task.test.ts" line="97" assertions="1" />
      <testcase name="task tool is disabled when global deny pattern exists" classname="Permission.disabled for task tool" time="0" file="test/permission-task.test.ts" line="107" assertions="1" />
      <testcase name="task tool is NOT disabled when only specific patterns are denied (no wildcard)" classname="Permission.disabled for task tool" time="0" file="test/permission-task.test.ts" line="113" assertions="1" />
      <testcase name="task tool is enabled when no task rules exist (default ask)" classname="Permission.disabled for task tool" time="0" file="test/permission-task.test.ts" line="125" assertions="1" />
      <testcase name="task tool is NOT disabled when last wildcard pattern is allow" classname="Permission.disabled for task tool" time="0" file="test/permission-task.test.ts" line="130" assertions="1" />
    </testsuite>
    <testsuite name="permission.task with real config files" file="test/permission-task.test.ts" line="145" tests="6" assertions="23" failures="0" skipped="0" time="0.305" hostname="benmurray-MS-7C84">
      <testcase name="loads task permissions from opencode.json config" classname="permission.task with real config files" time="0.083001" file="test/permission-task.test.ts" line="146" assertions="3" />
      <testcase name="loads task permissions with wildcard patterns from config" classname="permission.task with real config files" time="0.059001" file="test/permission-task.test.ts" line="171" assertions="3" />
      <testcase name="evaluate respects task permission from config" classname="permission.task with real config files" time="0.034" file="test/permission-task.test.ts" line="196" assertions="3" />
      <testcase name="mixed permission config with task and other tools" classname="permission.task with real config files" time="0.049001" file="test/permission-task.test.ts" line="221" assertions="7" />
      <testcase name="task tool disabled when global deny comes last in config" classname="permission.task with real config files" time="0.043001" file="test/permission-task.test.ts" line="260" assertions="4" />
      <testcase name="task tool NOT disabled when specific allow comes last in config" classname="permission.task with real config files" time="0.037001" file="test/permission-task.test.ts" line="292" assertions="3" />
    </testsuite>
  </testsuite>
  <testsuite name="test/keybind.test.ts" file="test/keybind.test.ts" tests="47" assertions="47" failures="0" skipped="0" time="0" hostname="benmurray-MS-7C84">
    <testsuite name="Keybind.toString" file="test/keybind.test.ts" line="4" tests="16" assertions="16" failures="0" skipped="0" time="0" hostname="benmurray-MS-7C84">
      <testcase name="should convert simple key to string" classname="Keybind.toString" time="0" file="test/keybind.test.ts" line="5" assertions="1" />
      <testcase name="should convert ctrl modifier to string" classname="Keybind.toString" time="0" file="test/keybind.test.ts" line="10" assertions="1" />
      <testcase name="should convert leader key to string" classname="Keybind.toString" time="0" file="test/keybind.test.ts" line="15" assertions="1" />
      <testcase name="should convert multiple modifiers to string" classname="Keybind.toString" time="0" file="test/keybind.test.ts" line="20" assertions="1" />
      <testcase name="should convert all modifiers to string" classname="Keybind.toString" time="0" file="test/keybind.test.ts" line="25" assertions="1" />
      <testcase name="should convert shift modifier to string" classname="Keybind.toString" time="0" file="test/keybind.test.ts" line="30" assertions="1" />
      <testcase name="should convert function key to string" classname="Keybind.toString" time="0" file="test/keybind.test.ts" line="41" assertions="1" />
      <testcase name="should convert special key to string" classname="Keybind.toString" time="0" file="test/keybind.test.ts" line="46" assertions="1" />
      <testcase name="should handle empty name" classname="Keybind.toString" time="0" file="test/keybind.test.ts" line="57" assertions="1" />
      <testcase name="should handle only modifiers" classname="Keybind.toString" time="0" file="test/keybind.test.ts" line="62" assertions="1" />
      <testcase name="should handle only leader with no other parts" classname="Keybind.toString" time="0" file="test/keybind.test.ts" line="67" assertions="1" />
      <testcase name="should convert super modifier to string" classname="Keybind.toString" time="0" file="test/keybind.test.ts" line="72" assertions="1" />
      <testcase name="should convert super+shift modifier to string" classname="Keybind.toString" time="0" file="test/keybind.test.ts" line="77" assertions="1" />
      <testcase name="should handle super with ctrl modifier" classname="Keybind.toString" time="0" file="test/keybind.test.ts" line="82" assertions="1" />
      <testcase name="should handle super with all modifiers" classname="Keybind.toString" time="0" file="test/keybind.test.ts" line="87" assertions="1" />
      <testcase name="should handle undefined super field (omitted)" classname="Keybind.toString" time="0" file="test/keybind.test.ts" line="92" assertions="1" />
    </testsuite>
    <testsuite name="Keybind.match" file="test/keybind.test.ts" line="98" tests="13" assertions="13" failures="0" skipped="0" time="0" hostname="benmurray-MS-7C84">
      <testcase name="should match identical keybinds" classname="Keybind.match" time="0" file="test/keybind.test.ts" line="99" assertions="1" />
      <testcase name="should not match different key names" classname="Keybind.match" time="0" file="test/keybind.test.ts" line="105" assertions="1" />
      <testcase name="should not match different modifiers" classname="Keybind.match" time="0" file="test/keybind.test.ts" line="111" assertions="1" />
      <testcase name="should match leader keybinds" classname="Keybind.match" time="0" file="test/keybind.test.ts" line="117" assertions="1" />
      <testcase name="should not match leader vs non-leader" classname="Keybind.match" time="0" file="test/keybind.test.ts" line="123" assertions="1" />
      <testcase name="should match complex keybinds" classname="Keybind.match" time="0" file="test/keybind.test.ts" line="129" assertions="1" />
      <testcase name="should not match with one modifier different" classname="Keybind.match" time="0" file="test/keybind.test.ts" line="135" assertions="1" />
      <testcase name="should match simple key without modifiers" classname="Keybind.match" time="0" file="test/keybind.test.ts" line="141" assertions="1" />
      <testcase name="should match super modifier keybinds" classname="Keybind.match" time="0" file="test/keybind.test.ts" line="147" assertions="1" />
      <testcase name="should not match super vs non-super" classname="Keybind.match" time="0" file="test/keybind.test.ts" line="153" assertions="1" />
      <testcase name="should match undefined super with false super" classname="Keybind.match" time="0" file="test/keybind.test.ts" line="159" assertions="1" />
      <testcase name="should match super+shift combination" classname="Keybind.match" time="0" file="test/keybind.test.ts" line="165" assertions="1" />
      <testcase name="should not match when only super differs" classname="Keybind.match" time="0" file="test/keybind.test.ts" line="171" assertions="1" />
    </testsuite>
    <testsuite name="Keybind.parse" file="test/keybind.test.ts" line="178" tests="18" assertions="18" failures="0" skipped="0" time="0.001" hostname="benmurray-MS-7C84">
      <testcase name="should parse simple key" classname="Keybind.parse" time="0" file="test/keybind.test.ts" line="179" assertions="1" />
      <testcase name="should parse leader key syntax" classname="Keybind.parse" time="0" file="test/keybind.test.ts" line="192" assertions="1" />
      <testcase name="should parse ctrl modifier" classname="Keybind.parse" time="0" file="test/keybind.test.ts" line="205" assertions="1" />
      <testcase name="should parse multiple modifiers" classname="Keybind.parse" time="0" file="test/keybind.test.ts" line="218" assertions="1" />
      <testcase name="should parse shift modifier" classname="Keybind.parse" time="0" file="test/keybind.test.ts" line="231" assertions="1" />
      <testcase name="should parse meta/alt modifier" classname="Keybind.parse" time="0" file="test/keybind.test.ts" line="244" assertions="1" />
      <testcase name="should parse leader with modifier" classname="Keybind.parse" time="0.001" file="test/keybind.test.ts" line="257" assertions="1" />
      <testcase name="should parse multiple keybinds separated by comma" classname="Keybind.parse" time="0" file="test/keybind.test.ts" line="270" assertions="1" />
      <testcase name="should parse shift+return combination" classname="Keybind.parse" time="0" file="test/keybind.test.ts" line="290" assertions="1" />
      <testcase name="should parse ctrl+j combination" classname="Keybind.parse" time="0" file="test/keybind.test.ts" line="303" assertions="1" />
      <testcase name="should handle &apos;none&apos; value" classname="Keybind.parse" time="0" file="test/keybind.test.ts" line="316" assertions="1" />
      <testcase name="should handle special keys" classname="Keybind.parse" time="0" file="test/keybind.test.ts" line="321" assertions="1" />
      <testcase name="should handle function keys" classname="Keybind.parse" time="0" file="test/keybind.test.ts" line="334" assertions="1" />
      <testcase name="should handle complex multi-modifier combination" classname="Keybind.parse" time="0" file="test/keybind.test.ts" line="347" assertions="1" />
      <testcase name="should be case insensitive" classname="Keybind.parse" time="0" file="test/keybind.test.ts" line="360" assertions="1" />
      <testcase name="should parse super modifier" classname="Keybind.parse" time="0" file="test/keybind.test.ts" line="373" assertions="1" />
      <testcase name="should parse super with shift modifier" classname="Keybind.parse" time="0" file="test/keybind.test.ts" line="387" assertions="1" />
      <testcase name="should parse multiple keybinds with super" classname="Keybind.parse" time="0" file="test/keybind.test.ts" line="401" assertions="1" />
    </testsuite>
  </testsuite>
  <testsuite name="test/npm.test.ts" file="test/npm.test.ts" tests="2" assertions="4" failures="0" skipped="0" time="0" hostname="benmurray-MS-7C84">
    <testsuite name="Npm.sanitize" file="test/npm.test.ts" line="6" tests="2" assertions="4" failures="0" skipped="0" time="0.001" hostname="benmurray-MS-7C84">
      <testcase name="keeps normal scoped package specs unchanged" classname="Npm.sanitize" time="0.001" file="test/npm.test.ts" line="7" assertions="3" />
      <testcase name="handles git https specs" classname="Npm.sanitize" time="0" file="test/npm.test.ts" line="13" assertions="1" />
    </testsuite>
  </testsuite>
  <testsuite name="test/project/project.test.ts" file="test/project/project.test.ts" tests="27" assertions="66" failures="0" skipped="0" time="0" hostname="benmurray-MS-7C84">
    <testsuite name="Project.fromDirectory" file="test/project/project.test.ts" line="61" tests="4" assertions="12" failures="0" skipped="0" time="0.133" hostname="benmurray-MS-7C84">
      <testcase name="should handle git repository with no commits" classname="Project.fromDirectory" time="0.017" file="test/project/project.test.ts" line="62" assertions="5" />
      <testcase name="should handle git repository with commits" classname="Project.fromDirectory" time="0.031" file="test/project/project.test.ts" line="77" assertions="5" />
      <testcase name="returns global for non-git directory" classname="Project.fromDirectory" time="0.002" file="test/project/project.test.ts" line="91" assertions="1" />
      <testcase name="derives stable project ID from root commit" classname="Project.fromDirectory" time="0.083001" file="test/project/project.test.ts" line="97" assertions="1" />
    </testsuite>
    <testsuite name="Project.fromDirectory git failure paths" file="test/project/project.test.ts" line="105" tests="3" assertions="7" failures="0" skipped="0" time="0.072" hostname="benmurray-MS-7C84">
      <testcase name="keeps vcs when rev-list exits non-zero (no commits)" classname="Project.fromDirectory git failure paths" time="0.015" file="test/project/project.test.ts" line="106" assertions="3" />
      <testcase name="handles show-toplevel failure gracefully" classname="Project.fromDirectory git failure paths" time="0.032" file="test/project/project.test.ts" line="117" assertions="2" />
      <testcase name="handles git-common-dir failure gracefully" classname="Project.fromDirectory git failure paths" time="0.025" file="test/project/project.test.ts" line="128" assertions="2" />
    </testsuite>
    <testsuite name="Project.fromDirectory with worktrees" file="test/project/project.test.ts" line="140" tests="5" assertions="14" failures="0" skipped="0" time="0.253" hostname="benmurray-MS-7C84">
      <testcase name="should set worktree to root when called from root" classname="Project.fromDirectory with worktrees" time="0.031" file="test/project/project.test.ts" line="141" assertions="3" />
      <testcase name="should set worktree to root when called from a worktree" classname="Project.fromDirectory with worktrees" time="0.046001" file="test/project/project.test.ts" line="151" assertions="4" />
      <testcase name="worktree should share project ID with main repo" classname="Project.fromDirectory with worktrees" time="0.051001" file="test/project/project.test.ts" line="172" assertions="2" />
      <testcase name="separate clones of the same repo should share project ID" classname="Project.fromDirectory with worktrees" time="0.058001" file="test/project/project.test.ts" line="197" assertions="1" />
      <testcase name="should accumulate multiple worktrees in sandboxes" classname="Project.fromDirectory with worktrees" time="0.067001" file="test/project/project.test.ts" line="216" assertions="4" />
    </testsuite>
    <testsuite name="Project.discover" file="test/project/project.test.ts" line="245" tests="2" assertions="7" failures="0" skipped="0" time="0.068" hostname="benmurray-MS-7C84">
      <testcase name="should discover favicon.png in root" classname="Project.discover" time="0.040001" file="test/project/project.test.ts" line="246" assertions="5" />
      <testcase name="should not discover non-image files" classname="Project.discover" time="0.028" file="test/project/project.test.ts" line="263" assertions="2" />
    </testsuite>
    <testsuite name="Project.update" file="test/project/project.test.ts" line="277" tests="7" assertions="16" failures="0" skipped="0" time="0.184" hostname="benmurray-MS-7C84">
      <testcase name="should update name" classname="Project.update" time="0.029" file="test/project/project.test.ts" line="278" assertions="2" />
      <testcase name="should update icon url" classname="Project.update" time="0.033" file="test/project/project.test.ts" line="293" assertions="2" />
      <testcase name="should update icon color" classname="Project.update" time="0.031" file="test/project/project.test.ts" line="308" assertions="2" />
      <testcase name="should update commands" classname="Project.update" time="0.03" file="test/project/project.test.ts" line="323" assertions="2" />
      <testcase name="should throw error when project not found" classname="Project.update" time="0.001" file="test/project/project.test.ts" line="338" assertions="1" />
      <testcase name="should emit GlobalBus event on update" classname="Project.update" time="0.028" file="test/project/project.test.ts" line="347" assertions="3" />
      <testcase name="should update multiple fields at once" classname="Project.update" time="0.032" file="test/project/project.test.ts" line="371" assertions="4" />
    </testsuite>
    <testsuite name="Project.list and Project.get" file="test/project/project.test.ts" line="389" tests="3" assertions="5" failures="0" skipped="0" time="0.057" hostname="benmurray-MS-7C84">
      <testcase name="list returns all projects" classname="Project.list and Project.get" time="0.03" file="test/project/project.test.ts" line="390" assertions="2" />
      <testcase name="get returns project by id" classname="Project.list and Project.get" time="0.027" file="test/project/project.test.ts" line="399" assertions="2" />
      <testcase name="get returns undefined for unknown id" classname="Project.list and Project.get" time="0" file="test/project/project.test.ts" line="408" assertions="1" />
    </testsuite>
    <testsuite name="Project.setInitialized" file="test/project/project.test.ts" line="414" tests="1" assertions="2" failures="0" skipped="0" time="0.03" hostname="benmurray-MS-7C84">
      <testcase name="sets time_initialized on project" classname="Project.setInitialized" time="0.03" file="test/project/project.test.ts" line="415" assertions="2" />
    </testsuite>
    <testsuite name="Project.addSandbox and Project.removeSandbox" file="test/project/project.test.ts" line="428" tests="2" assertions="3" failures="0" skipped="0" time="0.062" hostname="benmurray-MS-7C84">
      <testcase name="addSandbox adds directory and removeSandbox removes it" classname="Project.addSandbox and Project.removeSandbox" time="0.032" file="test/project/project.test.ts" line="429" assertions="2" />
      <testcase name="addSandbox emits GlobalBus event" classname="Project.addSandbox and Project.removeSandbox" time="0.03" file="test/project/project.test.ts" line="445" assertions="1" />
    </testsuite>
  </testsuite>
  <testsuite name="test/project/state.test.ts" file="test/project/state.test.ts" tests="5" assertions="10" failures="0" skipped="0" time="0.022" hostname="benmurray-MS-7C84">
    <testcase name="Instance.state caches values for the same instance" classname="" time="0.001" file="test/project/state.test.ts" line="10" assertions="2" />
    <testcase name="Instance.state isolates values by directory" classname="" time="0.004" file="test/project/state.test.ts" line="26" assertions="3" />
    <testcase name="Instance.state is disposed on instance reload" classname="" time="0.002" file="test/project/state.test.ts" line="50" assertions="2" />
    <testcase name="Instance.state is disposed on disposeAll" classname="" time="0.001" file="test/project/state.test.ts" line="75" assertions="1" />
    <testcase name="Instance.state dedupes concurrent promise initialization" classname="" time="0.014" file="test/project/state.test.ts" line="99" assertions="2" />
  </testsuite>
  <testsuite name="test/project/worktree-remove.test.ts" file="test/project/worktree-remove.test.ts" tests="2" assertions="5" failures="0" skipped="1" time="0" hostname="benmurray-MS-7C84">
    <testsuite name="Worktree.remove" file="test/project/worktree-remove.test.ts" line="12" tests="2" assertions="5" failures="0" skipped="1" time="0.101" hostname="benmurray-MS-7C84">
      <testcase name="continues when git remove exits non-zero after detaching" classname="Worktree.remove" time="0.101001" file="test/project/worktree-remove.test.ts" line="13" assertions="5" />
      <testcase name="stops fsmonitor before removing a worktree" classname="Worktree.remove" time="0" file="test/project/worktree-remove.test.ts" line="68" assertions="0">
        <skipped />
      </testcase>
    </testsuite>
  </testsuite>
  <testsuite name="test/project/worktree.test.ts" file="test/project/worktree.test.ts" tests="10" assertions="22" failures="0" skipped="0" time="0" hostname="benmurray-MS-7C84">
    <testsuite name="Worktree" file="test/project/worktree.test.ts" line="39" tests="10" assertions="22" failures="0" skipped="0" time="0" hostname="benmurray-MS-7C84">
      <testsuite name="makeWorktreeInfo" file="test/project/worktree.test.ts" line="42" tests="4" assertions="8" failures="0" skipped="0" time="0.109" hostname="benmurray-MS-7C84">
        <testcase name="returns info with name, branch, and directory" classname="makeWorktreeInfo &amp;gt; Worktree" time="0.038001" file="test/project/worktree.test.ts" line="43" assertions="4" />
        <testcase name="uses provided name as base" classname="makeWorktreeInfo &amp;gt; Worktree" time="0.033" file="test/project/worktree.test.ts" line="54" assertions="2" />
        <testcase name="slugifies the provided name" classname="makeWorktreeInfo &amp;gt; Worktree" time="0.035001" file="test/project/worktree.test.ts" line="63" assertions="1" />
        <testcase name="throws NotGitError for non-git directories" classname="makeWorktreeInfo &amp;gt; Worktree" time="0.003" file="test/project/worktree.test.ts" line="71" assertions="1" />
      </testsuite>
      <testsuite name="create + remove lifecycle" file="test/project/worktree.test.ts" line="78" tests="3" assertions="11" failures="0" skipped="0" time="1.393" hostname="benmurray-MS-7C84">
        <testcase name="create returns worktree info and remove cleans up" classname="create + remove lifecycle &amp;gt; Worktree" time="1.057015" file="test/project/worktree.test.ts" line="79" assertions="4" />
        <testcase name="create returns after setup and fires Event.Ready after bootstrap" classname="create + remove lifecycle &amp;gt; Worktree" time="0.169002" file="test/project/worktree.test.ts" line="95" assertions="5" />
        <testcase name="create with custom name" classname="create + remove lifecycle &amp;gt; Worktree" time="0.167002" file="test/project/worktree.test.ts" line="120" assertions="2" />
      </testsuite>
      <testsuite name="createFromInfo" file="test/project/worktree.test.ts" line="137" tests="1" assertions="1" failures="0" skipped="0" time="0.074" hostname="benmurray-MS-7C84">
        <testcase name="creates and bootstraps git worktree" classname="createFromInfo &amp;gt; Worktree" time="0.074001" file="test/project/worktree.test.ts" line="138" assertions="1" />
      </testsuite>
      <testsuite name="remove edge cases" file="test/project/worktree.test.ts" line="155" tests="2" assertions="2" failures="0" skipped="0" time="0.03" hostname="benmurray-MS-7C84">
        <testcase name="remove non-existent directory succeeds silently" classname="remove edge cases &amp;gt; Worktree" time="0.026" file="test/project/worktree.test.ts" line="156" assertions="1" />
        <testcase name="throws NotGitError for non-git directories" classname="remove edge cases &amp;gt; Worktree" time="0.004" file="test/project/worktree.test.ts" line="165" assertions="1" />
      </testsuite>
    </testsuite>
  </testsuite>
  <testsuite name="test/project/vcs.test.ts" file="test/project/vcs.test.ts" tests="10" assertions="7" failures="0" skipped="4" time="0" hostname="benmurray-MS-7C84">
    <testsuite name="Vcs" file="test/project/vcs.test.ts" line="73" tests="4" assertions="0" failures="0" skipped="4" time="0" hostname="benmurray-MS-7C84">
      <testcase name="branch() returns current branch name" classname="Vcs" time="0" file="test/project/vcs.test.ts" line="78" assertions="0">
        <skipped />
      </testcase>
      <testcase name="branch() returns undefined for non-git directories" classname="Vcs" time="0" file="test/project/vcs.test.ts" line="88" assertions="0">
        <skipped />
      </testcase>
      <testcase name="publishes BranchUpdated when .git/HEAD changes" classname="Vcs" time="0" file="test/project/vcs.test.ts" line="97" assertions="0">
        <skipped />
      </testcase>
      <testcase name="branch() reflects the new branch after HEAD change" classname="Vcs" time="0" file="test/project/vcs.test.ts" line="113" assertions="0">
        <skipped />
      </testcase>
    </testsuite>
    <testsuite name="Vcs diff" file="test/project/vcs.test.ts" line="131" tests="6" assertions="7" failures="0" skipped="0" time="0.294" hostname="benmurray-MS-7C84">
      <testcase name="defaultBranch() falls back to main" classname="Vcs diff" time="0.039001" file="test/project/vcs.test.ts" line="136" assertions="1" />
      <testcase name="defaultBranch() uses init.defaultBranch when available" classname="Vcs diff" time="0.043001" file="test/project/vcs.test.ts" line="146" assertions="1" />
      <testcase name="detects current branch from the active worktree" classname="Vcs diff" time="0.048001" file="test/project/vcs.test.ts" line="157" assertions="2" />
      <testcase name="diff(&apos;git&apos;) returns uncommitted changes" classname="Vcs diff" time="0.058001" file="test/project/vcs.test.ts" line="171" assertions="1" />
      <testcase name="diff(&apos;git&apos;) handles special filenames" classname="Vcs diff" time="0.043001" file="test/project/vcs.test.ts" line="191" assertions="1" />
      <testcase name="diff(&apos;branch&apos;) returns changes against default branch" classname="Vcs diff" time="0.063001" file="test/project/vcs.test.ts" line="208" assertions="1" />
    </testsuite>
  </testsuite>
  <testsuite name="test/project/migrate-global.test.ts" file="test/project/migrate-global.test.ts" tests="4" assertions="13" failures="0" skipped="0" time="0" hostname="benmurray-MS-7C84">
    <testsuite name="migrateFromGlobal" file="test/project/migrate-global.test.ts" line="53" tests="4" assertions="13" failures="0" skipped="0" time="0.137" hostname="benmurray-MS-7C84">
      <testcase name="migrates global sessions on first project creation" classname="migrateFromGlobal" time="0.032" file="test/project/migrate-global.test.ts" line="54" assertions="4" />
      <testcase name="migrates global sessions even when project row already exists" classname="migrateFromGlobal" time="0.036001" file="test/project/migrate-global.test.ts" line="79" assertions="3" />
      <testcase name="does not claim sessions with empty directory" classname="migrateFromGlobal" time="0.032" file="test/project/migrate-global.test.ts" line="103" assertions="3" />
      <testcase name="does not steal sessions from unrelated directories" classname="migrateFromGlobal" time="0.037001" file="test/project/migrate-global.test.ts" line="122" assertions="3" />
    </testsuite>
  </testsuite>
  <testsuite name="test/share/share-next.test.ts" file="test/share/share-next.test.ts" tests="7" assertions="34" failures="0" skipped="0" time="0" hostname="benmurray-MS-7C84">
    <testsuite name="ShareNext" file="test/share/share-next.test.ts" line="91" tests="7" assertions="34" failures="0" skipped="0" time="1.387" hostname="benmurray-MS-7C84">
      <testcase name="request uses legacy share API without active org account" classname="ShareNext" time="0.015" file="test/share/share-next.test.ts" line="92" assertions="6" />
      <testcase name="request uses default URL when no enterprise config" classname="ShareNext" time="0.007" file="test/share/share-next.test.ts" line="111" assertions="3" />
      <testcase name="request uses org share API with auth headers when account is active" classname="ShareNext" time="0.012" file="test/share/share-next.test.ts" line="125" assertions="6" />
      <testcase name="create posts share, persists it, and returns the result" classname="ShareNext" time="0.017" file="test/share/share-next.test.ts" line="145" assertions="9" />
      <testcase name="remove deletes the persisted share and calls the delete endpoint" classname="ShareNext" time="0.011" file="test/share/share-next.test.ts" line="186" assertions="2" />
      <testcase name="create fails on a non-ok response and does not persist a share" classname="ShareNext" time="0.012" file="test/share/share-next.test.ts" line="221" assertions="2" />
      <testcase name="ShareNext coalesces rapid diff events into one delayed sync with latest data" classname="ShareNext" time="1.313019" file="test/share/share-next.test.ts" line="237" assertions="6" />
    </testsuite>
  </testsuite>
  <testsuite name="test/storage/storage.test.ts" file="test/storage/storage.test.ts" tests="13" assertions="34" failures="0" skipped="0" time="0" hostname="benmurray-MS-7C84">
    <testsuite name="Storage" file="test/storage/storage.test.ts" line="75" tests="13" assertions="34" failures="0" skipped="0" time="0.073" hostname="benmurray-MS-7C84">
      <testcase name="round-trips JSON content" classname="Storage" time="0.007" file="test/storage/storage.test.ts" line="76" assertions="1" />
      <testcase name="maps missing reads to NotFoundError" classname="Storage" time="0.001" file="test/storage/storage.test.ts" line="87" assertions="1" />
      <testcase name="update on missing key throws NotFoundError" classname="Storage" time="0" file="test/storage/storage.test.ts" line="93" assertions="1" />
      <testcase name="write overwrites existing value" classname="Storage" time="0.001" file="test/storage/storage.test.ts" line="103" assertions="1" />
      <testcase name="remove on missing key is a no-op" classname="Storage" time="0.001" file="test/storage/storage.test.ts" line="113" assertions="1" />
      <testcase name="list on missing prefix returns empty" classname="Storage" time="0" file="test/storage/storage.test.ts" line="119" assertions="1" />
      <testcase name="serializes concurrent updates for the same key" classname="Storage" time="0.013" file="test/storage/storage.test.ts" line="125" assertions="1" />
      <testcase name="concurrent reads do not block each other" classname="Storage" time="0.002" file="test/storage/storage.test.ts" line="142" assertions="11" />
      <testcase name="nested keys create deep paths" classname="Storage" time="0.002" file="test/storage/storage.test.ts" line="154" assertions="2" />
      <testcase name="lists and removes stored entries" classname="Storage" time="0.002" file="test/storage/storage.test.ts" line="164" assertions="3" />
      <testcase name="migration 2 runs when marker contents are invalid" classname="Storage" time="0.007" file="test/storage/storage.test.ts" line="182" assertions="4" />
      <testcase name="migration 1 tolerates malformed legacy records" classname="Storage" time="0.035001" file="test/storage/storage.test.ts" line="233" assertions="5" />
      <testcase name="failed migrations do not advance the marker" classname="Storage" time="0.002" file="test/storage/storage.test.ts" line="282" assertions="2" />
    </testsuite>
  </testsuite>
  <testsuite name="test/storage/json-migration.test.ts" file="test/storage/json-migration.test.ts" tests="22" assertions="127" failures="0" skipped="0" time="0" hostname="benmurray-MS-7C84">
    <testsuite name="JSON to SQLite migration" file="test/storage/json-migration.test.ts" line="97" tests="22" assertions="127" failures="0" skipped="0" time="0.131" hostname="benmurray-MS-7C84">
      <testcase name="migrates project" classname="JSON to SQLite migration" time="0.007" file="test/storage/json-migration.test.ts" line="111" assertions="6" />
      <testcase name="uses filename for project id when JSON has different value" classname="JSON to SQLite migration" time="0.006" file="test/storage/json-migration.test.ts" line="134" assertions="3" />
      <testcase name="migrates project with commands" classname="JSON to SQLite migration" time="0.008" file="test/storage/json-migration.test.ts" line="156" assertions="4" />
      <testcase name="migrates project without commands field" classname="JSON to SQLite migration" time="0.005" file="test/storage/json-migration.test.ts" line="178" assertions="4" />
      <testcase name="migrates session with individual columns" classname="JSON to SQLite migration" time="0.006" file="test/storage/json-migration.test.ts" line="199" assertions="8" />
      <testcase name="migrates messages and parts" classname="JSON to SQLite migration" time="0.008" file="test/storage/json-migration.test.ts" line="233" assertions="6" />
      <testcase name="migrates legacy parts without ids in body" classname="JSON to SQLite migration" time="0.005" file="test/storage/json-migration.test.ts" line="265" assertions="14" />
      <testcase name="uses filename for message id when JSON has different value" classname="JSON to SQLite migration" time="0.005" file="test/storage/json-migration.test.ts" line="313" assertions="4" />
      <testcase name="uses paths for part id and messageID when JSON has different values" classname="JSON to SQLite migration" time="0.008" file="test/storage/json-migration.test.ts" line="343" assertions="4" />
      <testcase name="skips orphaned sessions (no parent project)" classname="JSON to SQLite migration" time="0.004" file="test/storage/json-migration.test.ts" line="381" assertions="1" />
      <testcase name="uses directory path for projectID when JSON has stale value" classname="JSON to SQLite migration" time="0.006" file="test/storage/json-migration.test.ts" line="400" assertions="4" />
      <testcase name="uses filename for session id when JSON has different value" classname="JSON to SQLite migration" time="0.007" file="test/storage/json-migration.test.ts" line="434" assertions="4" />
      <testcase name="is idempotent (running twice doesn&apos;t duplicate)" classname="JSON to SQLite migration" time="0.006" file="test/storage/json-migration.test.ts" line="466" assertions="1" />
      <testcase name="migrates todos" classname="JSON to SQLite migration" time="0.004" file="test/storage/json-migration.test.ts" line="482" assertions="8" />
      <testcase name="todos are ordered by position" classname="JSON to SQLite migration" time="0.008" file="test/storage/json-migration.test.ts" line="525" assertions="7" />
      <testcase name="migrates permissions" classname="JSON to SQLite migration" time="0.004" file="test/storage/json-migration.test.ts" line="557" assertions="4" />
      <testcase name="migrates session shares" classname="JSON to SQLite migration" time="0.005" file="test/storage/json-migration.test.ts" line="584" assertions="6" />
      <testcase name="returns empty stats when storage directory does not exist" classname="JSON to SQLite migration" time="0.003" file="test/storage/json-migration.test.ts" line="616" assertions="8" />
      <testcase name="continues when a JSON file is unreadable and records an error" classname="JSON to SQLite migration" time="0.006" file="test/storage/json-migration.test.ts" line="631" assertions="4" />
      <testcase name="skips invalid todo entries while preserving source positions" classname="JSON to SQLite migration" time="0.005" file="test/storage/json-migration.test.ts" line="651" assertions="6" />
      <testcase name="skips orphaned todos, permissions, and shares" classname="JSON to SQLite migration" time="0.007" file="test/storage/json-migration.test.ts" line="681" assertions="6" />
      <testcase name="handles mixed corruption and partial validity in one migration run" classname="JSON to SQLite migration" time="0.008" file="test/storage/json-migration.test.ts" line="729" assertions="15" />
    </testsuite>
  </testsuite>
  <testsuite name="test/storage/db.test.ts" file="test/storage/db.test.ts" tests="1" assertions="1" failures="0" skipped="0" time="0" hostname="benmurray-MS-7C84">
    <testsuite name="Database.Path" file="test/storage/db.test.ts" line="7" tests="1" assertions="1" failures="0" skipped="0" time="0" hostname="benmurray-MS-7C84">
      <testcase name="returns database path for the current channel" classname="Database.Path" time="0" file="test/storage/db.test.ts" line="8" assertions="1" />
    </testsuite>
  </testsuite>
  <testsuite name="test/plugin/auth-override.test.ts" file="test/plugin/auth-override.test.ts" tests="2" assertions="6" failures="0" skipped="0" time="0" hostname="benmurray-MS-7C84">
    <testsuite name="plugin.auth-override" file="test/plugin/auth-override.test.ts" line="9" tests="1" assertions="4" failures="0" skipped="0" time="0.399" hostname="benmurray-MS-7C84">
      <testcase name="user plugin overrides built-in github-copilot auth" classname="plugin.auth-override" time="0.399006" file="test/plugin/auth-override.test.ts" line="10" assertions="4" />
    </testsuite>
    <testsuite name="plugin.config-hook-error-isolation" file="test/plugin/auth-override.test.ts" line="63" tests="1" assertions="2" failures="0" skipped="0" time="0.001" hostname="benmurray-MS-7C84">
      <testcase name="config hooks are individually error-isolated in the layer factory" classname="plugin.config-hook-error-isolation" time="0.001" file="test/plugin/auth-override.test.ts" line="64" assertions="2" />
    </testsuite>
  </testsuite>
  <testsuite name="test/plugin/github-copilot-models.test.ts" file="test/plugin/github-copilot-models.test.ts" tests="1" assertions="2" failures="0" skipped="0" time="0.003" hostname="benmurray-MS-7C84">
    <testcase name="preserves temperature support from existing provider models" classname="" time="0.003" file="test/plugin/github-copilot-models.test.ts" line="10" assertions="2" />
  </testsuite>
  <testsuite name="test/plugin/trigger.test.ts" file="test/plugin/trigger.test.ts" tests="2" assertions="2" failures="0" skipped="0" time="0" hostname="benmurray-MS-7C84">
    <testsuite name="plugin.trigger" file="test/plugin/trigger.test.ts" line="44" tests="2" assertions="2" failures="0" skipped="0" time="0.014" hostname="benmurray-MS-7C84">
      <testcase name="runs synchronous hooks without crashing" classname="plugin.trigger" time="0.009" file="test/plugin/trigger.test.ts" line="45" assertions="1" />
      <testcase name="awaits asynchronous hooks" classname="plugin.trigger" time="0.005" file="test/plugin/trigger.test.ts" line="78" assertions="1" />
    </testsuite>
  </testsuite>
  <testsuite name="test/plugin/codex.test.ts" file="test/plugin/codex.test.ts" tests="13" assertions="14" failures="0" skipped="0" time="0" hostname="benmurray-MS-7C84">
    <testsuite name="plugin.codex" file="test/plugin/codex.test.ts" line="15" tests="13" assertions="14" failures="0" skipped="0" time="0" hostname="benmurray-MS-7C84">
      <testsuite name="parseJwtClaims" file="test/plugin/codex.test.ts" line="16" tests="4" assertions="5" failures="0" skipped="0" time="0.002" hostname="benmurray-MS-7C84">
        <testcase name="parses valid JWT with claims" classname="parseJwtClaims &amp;gt; plugin.codex" time="0.002" file="test/plugin/codex.test.ts" line="17" assertions="1" />
        <testcase name="returns undefined for JWT with less than 3 parts" classname="parseJwtClaims &amp;gt; plugin.codex" time="0" file="test/plugin/codex.test.ts" line="24" assertions="2" />
        <testcase name="returns undefined for invalid base64" classname="parseJwtClaims &amp;gt; plugin.codex" time="0" file="test/plugin/codex.test.ts" line="29" assertions="1" />
        <testcase name="returns undefined for invalid JSON payload" classname="parseJwtClaims &amp;gt; plugin.codex" time="0" file="test/plugin/codex.test.ts" line="33" assertions="1" />
      </testsuite>
      <testsuite name="extractAccountIdFromClaims" file="test/plugin/codex.test.ts" line="40" tests="5" assertions="5" failures="0" skipped="0" time="0" hostname="benmurray-MS-7C84">
        <testcase name="extracts chatgpt_account_id from root" classname="extractAccountIdFromClaims &amp;gt; plugin.codex" time="0" file="test/plugin/codex.test.ts" line="41" assertions="1" />
        <testcase name="extracts chatgpt_account_id from nested https://api.openai.com/auth" classname="extractAccountIdFromClaims &amp;gt; plugin.codex" time="0" file="test/plugin/codex.test.ts" line="46" assertions="1" />
        <testcase name="prefers root over nested" classname="extractAccountIdFromClaims &amp;gt; plugin.codex" time="0" file="test/plugin/codex.test.ts" line="53" assertions="1" />
        <testcase name="extracts from organizations array as fallback" classname="extractAccountIdFromClaims &amp;gt; plugin.codex" time="0" file="test/plugin/codex.test.ts" line="61" assertions="1" />
        <testcase name="returns undefined when no accountId found" classname="extractAccountIdFromClaims &amp;gt; plugin.codex" time="0" file="test/plugin/codex.test.ts" line="68" assertions="1" />
      </testsuite>
      <testsuite name="extractAccountId" file="test/plugin/codex.test.ts" line="74" tests="4" assertions="4" failures="0" skipped="0" time="0" hostname="benmurray-MS-7C84">
        <testcase name="extracts from id_token first" classname="extractAccountId &amp;gt; plugin.codex" time="0" file="test/plugin/codex.test.ts" line="75" assertions="1" />
        <testcase name="falls back to access_token when id_token has no accountId" classname="extractAccountId &amp;gt; plugin.codex" time="0" file="test/plugin/codex.test.ts" line="87" assertions="1" />
        <testcase name="returns undefined when no tokens have accountId" classname="extractAccountId &amp;gt; plugin.codex" time="0" file="test/plugin/codex.test.ts" line="101" assertions="1" />
        <testcase name="handles missing id_token" classname="extractAccountId &amp;gt; plugin.codex" time="0" file="test/plugin/codex.test.ts" line="112" assertions="1" />
      </testsuite>
    </testsuite>
  </testsuite>
  <testsuite name="test/plugin/install-concurrency.test.ts" file="test/plugin/install-concurrency.test.ts" tests="3" assertions="19" failures="0" skipped="0" time="0" hostname="benmurray-MS-7C84">
    <testsuite name="plugin.install.concurrent" file="test/plugin/install-concurrency.test.ts" line="65" tests="3" assertions="19" failures="0" skipped="0" time="6.735" hostname="benmurray-MS-7C84">
      <testcase name="serializes concurrent server config updates across processes" classname="plugin.install.concurrent" time="2.961043" file="test/plugin/install-concurrency.test.ts" line="66" assertions="5" />
      <testcase name="serializes concurrent server+tui config updates across processes" classname="plugin.install.concurrent" time="1.841027" file="test/plugin/install-concurrency.test.ts" line="89" assertions="8" />
      <testcase name="preserves updates when existing config uses .json" classname="plugin.install.concurrent" time="1.933028" file="test/plugin/install-concurrency.test.ts" line="114" assertions="6" />
    </testsuite>
  </testsuite>
  <testsuite name="test/plugin/loader-shared.test.ts" file="test/plugin/loader-shared.test.ts" tests="27" assertions="43" failures="0" skipped="0" time="0" hostname="benmurray-MS-7C84">
    <testsuite name="plugin.loader.shared" file="test/plugin/loader-shared.test.ts" line="61" tests="27" assertions="43" failures="0" skipped="0" time="0.145" hostname="benmurray-MS-7C84">
      <testcase name="loads a file:// plugin function export" classname="plugin.loader.shared" time="0.005" file="test/plugin/loader-shared.test.ts" line="62" assertions="1" />
      <testcase name="deduplicates same function exported as default and named" classname="plugin.loader.shared" time="0.004" file="test/plugin/loader-shared.test.ts" line="91" assertions="1" />
      <testcase name="uses only default v1 server plugin when present" classname="plugin.loader.shared" time="0.008" file="test/plugin/loader-shared.test.ts" line="124" assertions="1" />
      <testcase name="rejects v1 file server plugin without id" classname="plugin.loader.shared" time="0.004" file="test/plugin/loader-shared.test.ts" line="160" assertions="2" />
      <testcase name="rejects v1 plugin that exports server and tui together" classname="plugin.loader.shared" time="0.004" file="test/plugin/loader-shared.test.ts" line="197" assertions="2" />
      <testcase name="resolves npm plugin specs with explicit and default versions" classname="plugin.loader.shared" time="0.009" file="test/plugin/loader-shared.test.ts" line="236" assertions="2" />
      <testcase name="loads npm server plugin from package ./server export" classname="plugin.loader.shared" time="0.004" file="test/plugin/loader-shared.test.ts" line="278" assertions="1" />
      <testcase name="loads npm server plugin from package server export without leading dot" classname="plugin.loader.shared" time="0.008" file="test/plugin/loader-shared.test.ts" line="336" assertions="2" />
      <testcase name="loads npm server plugin from package main without leading dot" classname="plugin.loader.shared" time="0.005" file="test/plugin/loader-shared.test.ts" line="394" assertions="2" />
      <testcase name="does not use npm package exports dot for server entry" classname="plugin.loader.shared" time="0.004" file="test/plugin/loader-shared.test.ts" line="447" assertions="2" />
      <testcase name="rejects npm server export that resolves outside plugin directory" classname="plugin.loader.shared" time="0.008" file="test/plugin/loader-shared.test.ts" line="498" assertions="2" />
      <testcase name="skips legacy codex and copilot auth plugin specs" classname="plugin.loader.shared" time="0.004" file="test/plugin/loader-shared.test.ts" line="561" assertions="3" />
      <testcase name="publishes session.error when install fails" classname="plugin.loader.shared" time="0.003" file="test/plugin/loader-shared.test.ts" line="591" assertions="1" />
      <testcase name="publishes session.error when plugin init throws" classname="plugin.loader.shared" time="0.008" file="test/plugin/loader-shared.test.ts" line="611" assertions="1" />
      <testcase name="publishes session.error when plugin module has invalid export" classname="plugin.loader.shared" time="0.005" file="test/plugin/loader-shared.test.ts" line="639" assertions="1" />
      <testcase name="publishes session.error when plugin import fails" classname="plugin.loader.shared" time="0.004" file="test/plugin/loader-shared.test.ts" line="659" assertions="1" />
      <testcase name="loads object plugin via plugin.server" classname="plugin.loader.shared" time="0.009" file="test/plugin/loader-shared.test.ts" line="674" assertions="1" />
      <testcase name="passes tuple plugin options into server plugin" classname="plugin.loader.shared" time="0.005" file="test/plugin/loader-shared.test.ts" line="707" assertions="1" />
      <testcase name="initializes server plugins in config order" classname="plugin.loader.shared" time="0.031" file="test/plugin/loader-shared.test.ts" line="743" assertions="1" />
      <testcase name="skips external plugins in pure mode" classname="plugin.loader.shared" time="0.003" file="test/plugin/loader-shared.test.ts" line="792" assertions="1" />
      <testcase name="reads oc-themes from package manifest" classname="plugin.loader.shared" time="0.005" file="test/plugin/loader-shared.test.ts" line="839" assertions="1" />
      <testcase name="handles no-entrypoint tui packages via missing callback" classname="plugin.loader.shared" time="0.001" file="test/plugin/loader-shared.test.ts" line="875" assertions="2" />
      <testcase name="passes package metadata for entrypoint tui plugins" classname="plugin.loader.shared" time="0.001" file="test/plugin/loader-shared.test.ts" line="940" assertions="1" />
      <testcase name="rejects oc-themes path traversal" classname="plugin.loader.shared" time="0.001" file="test/plugin/loader-shared.test.ts" line="998" assertions="1" />
      <testcase name="retries failed file plugins once after wait and keeps order" classname="plugin.loader.shared" time="0.001" file="test/plugin/loader-shared.test.ts" line="1019" assertions="3" />
      <testcase name="retries file plugins when finish returns undefined" classname="plugin.loader.shared" time="0.001" file="test/plugin/loader-shared.test.ts" line="1064" assertions="3" />
      <testcase name="does not wait or retry npm plugin failures" classname="plugin.loader.shared" time="0" file="test/plugin/loader-shared.test.ts" line="1104" assertions="3" />
    </testsuite>
  </testsuite>
  <testsuite name="test/plugin/meta.test.ts" file="test/plugin/meta.test.ts" tests="3" assertions="25" failures="0" skipped="0" time="0" hostname="benmurray-MS-7C84">
    <testsuite name="plugin.meta" file="test/plugin/meta.test.ts" line="29" tests="3" assertions="25" failures="0" skipped="0" time="0.787" hostname="benmurray-MS-7C84">
      <testcase name="tracks file plugin loads and changes" classname="plugin.meta" time="0.003" file="test/plugin/meta.test.ts" line="30" assertions="12" />
      <testcase name="tracks npm plugin versions" classname="plugin.meta" time="0.004" file="test/plugin/meta.test.ts" line="69" assertions="9" />
      <testcase name="serializes concurrent metadata updates across processes" classname="plugin.meta" time="0.780011" file="test/plugin/meta.test.ts" line="102" assertions="4" />
    </testsuite>
  </testsuite>
  <testsuite name="test/plugin/install.test.ts" file="test/plugin/install.test.ts" tests="21" assertions="60" failures="0" skipped="0" time="0" hostname="benmurray-MS-7C84">
    <testsuite name="plugin.install.task" file="test/plugin/install.test.ts" line="111" tests="21" assertions="60" failures="0" skipped="0" time="0.031" hostname="benmurray-MS-7C84">
      <testcase name="writes both server and tui config entries" classname="plugin.install.task" time="0.006" file="test/plugin/install.test.ts" line="112" assertions="3" />
      <testcase name="writes default options from exports config metadata" classname="plugin.install.task" time="0.001" file="test/plugin/install.test.ts" line="131" assertions="3" />
      <testcase name="preserves JSONC comments when adding plugins to server and tui config" classname="plugin.install.task" time="0.002" file="test/plugin/install.test.ts" line="153" assertions="9" />
      <testcase name="preserves JSONC comments when force replacing plugin version" classname="plugin.install.task" time="0.002" file="test/plugin/install.test.ts" line="212" assertions="3" />
      <testcase name="supports resolver target pointing to a file" classname="plugin.install.task" time="0.001" file="test/plugin/install.test.ts" line="246" assertions="2" />
      <testcase name="does not change configured package version without force" classname="plugin.install.task" time="0.001" file="test/plugin/install.test.ts" line="264" assertions="2" />
      <testcase name="does not change scoped package version without force" classname="plugin.install.task" time="0.001" file="test/plugin/install.test.ts" line="284" assertions="2" />
      <testcase name="keeps file plugin entries and still adds npm plugin" classname="plugin.install.task" time="0.001" file="test/plugin/install.test.ts" line="304" assertions="2" />
      <testcase name="force replaces configured package version and keeps tuple options" classname="plugin.install.task" time="0.004" file="test/plugin/install.test.ts" line="324" assertions="2" />
      <testcase name="writes to global scope when global flag is set" classname="plugin.install.task" time="0.001" file="test/plugin/install.test.ts" line="354" assertions="3" />
      <testcase name="writes local scope under directory when vcs is not git" classname="plugin.install.task" time="0.001" file="test/plugin/install.test.ts" line="373" assertions="3" />
      <testcase name="writes local scope under directory when worktree is root slash" classname="plugin.install.task" time="0.002" file="test/plugin/install.test.ts" line="393" assertions="2" />
      <testcase name="writes tui local scope under directory when worktree is root slash" classname="plugin.install.task" time="0.001" file="test/plugin/install.test.ts" line="410" assertions="2" />
      <testcase name="writes only tui config for tui-only plugins" classname="plugin.install.task" time="0.001" file="test/plugin/install.test.ts" line="427" assertions="3" />
      <testcase name="writes tui config for oc-themes-only packages" classname="plugin.install.task" time="0.001" file="test/plugin/install.test.ts" line="443" assertions="4" />
      <testcase name="returns false for oc-themes outside plugin directory" classname="plugin.install.task" time="0.001" file="test/plugin/install.test.ts" line="464" assertions="3" />
      <testcase name="force replaces version in both server and tui configs" classname="plugin.install.task" time="0.002" file="test/plugin/install.test.ts" line="480" assertions="3" />
      <testcase name="returns false and keeps config unchanged for invalid JSONC" classname="plugin.install.task" time="0.001" file="test/plugin/install.test.ts" line="505" assertions="2" />
      <testcase name="returns false when manifest declares no supported targets" classname="plugin.install.task" time="0" file="test/plugin/install.test.ts" line="525" assertions="3" />
      <testcase name="returns false when manifest cannot be read" classname="plugin.install.task" time="0.001" file="test/plugin/install.test.ts" line="541" assertions="2" />
      <testcase name="returns false when install fails" classname="plugin.install.task" time="0" file="test/plugin/install.test.ts" line="557" assertions="2" />
    </testsuite>
  </testsuite>
  <testsuite name="test/plugin/shared.test.ts" file="test/plugin/shared.test.ts" tests="12" assertions="12" failures="0" skipped="0" time="0" hostname="benmurray-MS-7C84">
    <testsuite name="parsePluginSpecifier" file="test/plugin/shared.test.ts" line="4" tests="12" assertions="12" failures="0" skipped="0" time="0.002" hostname="benmurray-MS-7C84">
      <testcase name="parses standard npm package without version" classname="parsePluginSpecifier" time="0.001" file="test/plugin/shared.test.ts" line="5" assertions="1" />
      <testcase name="parses standard npm package with version" classname="parsePluginSpecifier" time="0.001" file="test/plugin/shared.test.ts" line="12" assertions="1" />
      <testcase name="parses scoped npm package without version" classname="parsePluginSpecifier" time="0" file="test/plugin/shared.test.ts" line="19" assertions="1" />
      <testcase name="parses scoped npm package with version" classname="parsePluginSpecifier" time="0" file="test/plugin/shared.test.ts" line="26" assertions="1" />
      <testcase name="parses package with git+https url" classname="parsePluginSpecifier" time="0" file="test/plugin/shared.test.ts" line="33" assertions="1" />
      <testcase name="parses scoped package with git+https url" classname="parsePluginSpecifier" time="0" file="test/plugin/shared.test.ts" line="40" assertions="1" />
      <testcase name="parses package with git+ssh url containing another @" classname="parsePluginSpecifier" time="0" file="test/plugin/shared.test.ts" line="47" assertions="1" />
      <testcase name="parses scoped package with git+ssh url containing another @" classname="parsePluginSpecifier" time="0" file="test/plugin/shared.test.ts" line="54" assertions="1" />
      <testcase name="parses unaliased git+ssh url" classname="parsePluginSpecifier" time="0" file="test/plugin/shared.test.ts" line="61" assertions="1" />
      <testcase name="parses npm alias using the alias name" classname="parsePluginSpecifier" time="0" file="test/plugin/shared.test.ts" line="68" assertions="1" />
      <testcase name="parses bare npm protocol specifier using the target package" classname="parsePluginSpecifier" time="0" file="test/plugin/shared.test.ts" line="75" assertions="1" />
      <testcase name="parses unversioned npm protocol specifier" classname="parsePluginSpecifier" time="0" file="test/plugin/shared.test.ts" line="82" assertions="1" />
    </testsuite>
  </testsuite>
  <testsuite name="test/bus/bus-effect.test.ts" file="test/bus/bus-effect.test.ts" tests="5" assertions="8" failures="0" skipped="0" time="0" hostname="benmurray-MS-7C84">
    <testsuite name="Bus (Effect-native)" file="test/bus/bus-effect.test.ts" line="24" tests="5" assertions="8" failures="0" skipped="0" time="0.07" hostname="benmurray-MS-7C84">
      <testcase name="publish + subscribe stream delivers events" classname="Bus (Effect-native)" time="0.015" file="test/bus/bus-effect.test.ts" line="25" assertions="1" />
      <testcase name="subscribe filters by event type" classname="Bus (Effect-native)" time="0.015" file="test/bus/bus-effect.test.ts" line="49" assertions="1" />
      <testcase name="subscribeAll receives all types" classname="Bus (Effect-native)" time="0.011" file="test/bus/bus-effect.test.ts" line="73" assertions="2" />
      <testcase name="multiple subscribers each receive the event" classname="Bus (Effect-native)" time="0.014" file="test/bus/bus-effect.test.ts" line="98" assertions="2" />
      <testcase name="subscribeAll stream sees InstanceDisposed on disposal" classname="Bus (Effect-native)" time="0.015" file="test/bus/bus-effect.test.ts" line="132" assertions="2" />
    </testsuite>
  </testsuite>
  <testsuite name="test/bus/bus.test.ts" file="test/bus/bus.test.ts" tests="10" assertions="13" failures="0" skipped="0" time="0" hostname="benmurray-MS-7C84">
    <testsuite name="Bus" file="test/bus/bus.test.ts" line="17" tests="10" assertions="13" failures="0" skipped="0" time="0" hostname="benmurray-MS-7C84">
      <testsuite name="publish + subscribe" file="test/bus/bus.test.ts" line="20" tests="4" assertions="3" failures="0" skipped="0" time="0.062" hostname="benmurray-MS-7C84">
        <testcase name="subscriber is live immediately after subscribe returns" classname="publish + subscribe &amp;gt; Bus" time="0.011" file="test/bus/bus.test.ts" line="21" assertions="1" />
        <testcase name="subscriber receives matching events" classname="publish + subscribe &amp;gt; Bus" time="0.026" file="test/bus/bus.test.ts" line="36" assertions="1" />
        <testcase name="subscriber does not receive events of other types" classname="publish + subscribe &amp;gt; Bus" time="0.024" file="test/bus/bus.test.ts" line="55" assertions="1" />
        <testcase name="publish with no subscribers does not throw" classname="publish + subscribe &amp;gt; Bus" time="0.001" file="test/bus/bus.test.ts" line="72" assertions="0" />
      </testsuite>
      <testsuite name="unsubscribe" file="test/bus/bus.test.ts" line="81" tests="1" assertions="1" failures="0" skipped="0" time="0.049" hostname="benmurray-MS-7C84">
        <testcase name="unsubscribe stops delivery" classname="unsubscribe &amp;gt; Bus" time="0.049001" file="test/bus/bus.test.ts" line="82" assertions="1" />
      </testsuite>
      <testsuite name="subscribeAll" file="test/bus/bus.test.ts" line="103" tests="2" assertions="3" failures="0" skipped="0" time="0.042" hostname="benmurray-MS-7C84">
        <testcase name="subscribeAll is live immediately after subscribe returns" classname="subscribeAll &amp;gt; Bus" time="0.015" file="test/bus/bus.test.ts" line="104" assertions="1" />
        <testcase name="receives all event types" classname="subscribeAll &amp;gt; Bus" time="0.027" file="test/bus/bus.test.ts" line="119" assertions="2" />
      </testsuite>
      <testsuite name="multiple subscribers" file="test/bus/bus.test.ts" line="138" tests="1" assertions="2" failures="0" skipped="0" time="0.024" hostname="benmurray-MS-7C84">
        <testcase name="all subscribers for same event type are called" classname="multiple subscribers &amp;gt; Bus" time="0.024" file="test/bus/bus.test.ts" line="139" assertions="2" />
      </testsuite>
      <testsuite name="instance isolation" file="test/bus/bus.test.ts" line="161" tests="1" assertions="2" failures="0" skipped="0" time="0.052" hostname="benmurray-MS-7C84">
        <testcase name="events in one directory do not reach subscribers in another" classname="instance isolation &amp;gt; Bus" time="0.052001" file="test/bus/bus.test.ts" line="162" assertions="2" />
      </testsuite>
      <testsuite name="instance disposal" file="test/bus/bus.test.ts" line="197" tests="1" assertions="2" failures="0" skipped="0" time="0.076" hostname="benmurray-MS-7C84">
        <testcase name="InstanceDisposed is delivered to wildcard subscribers before stream ends" classname="instance disposal &amp;gt; Bus" time="0.076001" file="test/bus/bus.test.ts" line="198" assertions="2" />
      </testsuite>
    </testsuite>
  </testsuite>
  <testsuite name="test/bus/bus-integration.test.ts" file="test/bus/bus-integration.test.ts" tests="3" assertions="5" failures="0" skipped="0" time="0" hostname="benmurray-MS-7C84">
    <testsuite name="Bus integration: acquireRelease subscriber pattern" file="test/bus/bus-integration.test.ts" line="14" tests="3" assertions="5" failures="0" skipped="0" time="0.148" hostname="benmurray-MS-7C84">
      <testcase name="subscriber via callback facade receives events and cleans up on unsub" classname="Bus integration: acquireRelease subscriber pattern" time="0.047001" file="test/bus/bus-integration.test.ts" line="17" assertions="2" />
      <testcase name="subscribeAll receives events from multiple types" classname="Bus integration: acquireRelease subscriber pattern" time="0.025" file="test/bus/bus-integration.test.ts" line="41" assertions="1" />
      <testcase name="subscriber cleanup on instance disposal interrupts the stream" classname="Bus integration: acquireRelease subscriber pattern" time="0.076001" file="test/bus/bus-integration.test.ts" line="63" assertions="2" />
    </testsuite>
  </testsuite>
  <testsuite name="test/tool/external-directory.test.ts" file="test/tool/external-directory.test.ts" tests="5" assertions="9" failures="0" skipped="0" time="0" hostname="benmurray-MS-7C84">
    <testsuite name="tool.assertExternalDirectory" file="test/tool/external-directory.test.ts" line="24" tests="5" assertions="9" failures="0" skipped="0" time="0.002" hostname="benmurray-MS-7C84">
      <testcase name="no-ops for empty target" classname="tool.assertExternalDirectory" time="0.001" file="test/tool/external-directory.test.ts" line="25" assertions="1" />
      <testcase name="no-ops for paths inside Instance.directory" classname="tool.assertExternalDirectory" time="0.001" file="test/tool/external-directory.test.ts" line="44" assertions="1" />
      <testcase name="asks with a single canonical glob" classname="tool.assertExternalDirectory" time="0" file="test/tool/external-directory.test.ts" line="63" assertions="3" />
      <testcase name="uses target directory when kind=directory" classname="tool.assertExternalDirectory" time="0" file="test/tool/external-directory.test.ts" line="89" assertions="3" />
      <testcase name="skips prompting when bypass=true" classname="tool.assertExternalDirectory" time="0" file="test/tool/external-directory.test.ts" line="115" assertions="1" />
    </testsuite>
  </testsuite>
  <testsuite name="test/tool/question.test.ts" file="test/tool/question.test.ts" tests="2" assertions="2" failures="0" skipped="0" time="0" hostname="benmurray-MS-7C84">
    <testsuite name="tool.question" file="test/tool/question.test.ts" line="33" tests="2" assertions="2" failures="0" skipped="0" time="0.032" hostname="benmurray-MS-7C84">
      <testcase name="should successfully execute with valid question parameters" classname="tool.question" time="0.016" file="test/tool/question.test.ts" line="34" assertions="1" />
      <testcase name="should now pass with a header longer than 12 but less than 30 chars" classname="tool.question" time="0.016" file="test/tool/question.test.ts" line="62" assertions="1" />
    </testsuite>
  </testsuite>
  <testsuite name="test/tool/registry.test.ts" file="test/tool/registry.test.ts" tests="3" assertions="3" failures="0" skipped="0" time="0" hostname="benmurray-MS-7C84">
    <testsuite name="tool.registry" file="test/tool/registry.test.ts" line="12" tests="3" assertions="3" failures="0" skipped="0" time="1.978" hostname="benmurray-MS-7C84">
      <testcase name="loads tools from .opencode/tool (singular)" classname="tool.registry" time="0.431006" file="test/tool/registry.test.ts" line="13" assertions="1" />
      <testcase name="loads tools from .opencode/tools (plural)" classname="tool.registry" time="0.382006" file="test/tool/registry.test.ts" line="47" assertions="1" />
      <testcase name="loads tools with external dependencies without crashing" classname="tool.registry" time="1.165017" file="test/tool/registry.test.ts" line="81" assertions="1" />
    </testsuite>
  </testsuite>
  <testsuite name="test/tool/task.test.ts" file="test/tool/task.test.ts" tests="1" assertions="5" failures="0" skipped="0" time="0" hostname="benmurray-MS-7C84">
    <testsuite name="tool.task" file="test/tool/task.test.ts" line="11" tests="1" assertions="5" failures="0" skipped="0" time="0.01" hostname="benmurray-MS-7C84">
      <testcase name="description sorts subagents by name and is stable across calls" classname="tool.task" time="0.01" file="test/tool/task.test.ts" line="12" assertions="5" />
    </testsuite>
  </testsuite>
  <testsuite name="test/tool/tool-define.test.ts" file="test/tool/tool-define.test.ts" tests="5" assertions="7" failures="0" skipped="0" time="0" hostname="benmurray-MS-7C84">
    <testsuite name="Tool.define" file="test/tool/tool-define.test.ts" line="19" tests="5" assertions="7" failures="0" skipped="0" time="0.002" hostname="benmurray-MS-7C84">
      <testcase name="object-defined tool does not mutate the original init object" classname="Tool.define" time="0" file="test/tool/tool-define.test.ts" line="20" assertions="1" />
      <testcase name="object-defined tool does not accumulate wrapper layers across init() calls" classname="Tool.define" time="0.001" file="test/tool/tool-define.test.ts" line="33" assertions="2" />
      <testcase name="function-defined tool returns fresh objects and is unaffected" classname="Tool.define" time="0" file="test/tool/tool-define.test.ts" line="63" assertions="1" />
      <testcase name="object-defined tool returns distinct objects per init() call" classname="Tool.define" time="0" file="test/tool/tool-define.test.ts" line="72" assertions="1" />
      <testcase name="validation still works after many init() calls" classname="Tool.define" time="0.001" file="test/tool/tool-define.test.ts" line="81" assertions="2" />
    </testsuite>
  </testsuite>
  <testsuite name="test/tool/apply_patch.test.ts" file="test/tool/apply_patch.test.ts" tests="26" assertions="55" failures="0" skipped="0" time="0" hostname="benmurray-MS-7C84">
    <testsuite name="tool.apply_patch freeform" file="test/tool/apply_patch.test.ts" line="61" tests="26" assertions="55" failures="0" skipped="0" time="0.13" hostname="benmurray-MS-7C84">
      <testcase name="requires patchText" classname="tool.apply_patch freeform" time="0.001" file="test/tool/apply_patch.test.ts" line="62" assertions="1" />
      <testcase name="rejects invalid patch format" classname="tool.apply_patch freeform" time="0" file="test/tool/apply_patch.test.ts" line="67" assertions="1" />
      <testcase name="rejects empty patch" classname="tool.apply_patch freeform" time="0" file="test/tool/apply_patch.test.ts" line="72" assertions="1" />
      <testcase name="applies add/update/delete in one patch" classname="tool.apply_patch freeform" time="0.045001" file="test/tool/apply_patch.test.ts" line="78" assertions="18" />
      <testcase name="permission metadata includes move file info" classname="tool.apply_patch freeform" time="0.026" file="test/tool/apply_patch.test.ts" line="130" assertions="7" />
      <testcase name="applies multiple hunks to one file" classname="tool.apply_patch freeform" time="0.008" file="test/tool/apply_patch.test.ts" line="160" assertions="1" />
      <testcase name="inserts lines with insert-only hunk" classname="tool.apply_patch freeform" time="0.002" file="test/tool/apply_patch.test.ts" line="180" assertions="1" />
      <testcase name="appends trailing newline on update" classname="tool.apply_patch freeform" time="0.003" file="test/tool/apply_patch.test.ts" line="199" assertions="2" />
      <testcase name="moves file to a new directory" classname="tool.apply_patch freeform" time="0.003" file="test/tool/apply_patch.test.ts" line="221" assertions="2" />
      <testcase name="moves file overwriting existing destination" classname="tool.apply_patch freeform" time="0.006" file="test/tool/apply_patch.test.ts" line="244" assertions="2" />
      <testcase name="adds file overwriting existing file" classname="tool.apply_patch freeform" time="0.002" file="test/tool/apply_patch.test.ts" line="269" assertions="1" />
      <testcase name="rejects update when target file is missing" classname="tool.apply_patch freeform" time="0.001" file="test/tool/apply_patch.test.ts" line="287" assertions="1" />
      <testcase name="rejects delete when file is missing" classname="tool.apply_patch freeform" time="0.001" file="test/tool/apply_patch.test.ts" line="303" assertions="1" />
      <testcase name="rejects delete when target is a directory" classname="tool.apply_patch freeform" time="0.001" file="test/tool/apply_patch.test.ts" line="317" assertions="1" />
      <testcase name="rejects invalid hunk header" classname="tool.apply_patch freeform" time="0.001" file="test/tool/apply_patch.test.ts" line="334" assertions="1" />
      <testcase name="rejects update with missing context" classname="tool.apply_patch freeform" time="0.001" file="test/tool/apply_patch.test.ts" line="348" assertions="2" />
      <testcase name="verification failure leaves no side effects" classname="tool.apply_patch freeform" time="0.001" file="test/tool/apply_patch.test.ts" line="366" assertions="2" />
      <testcase name="supports end of file anchor" classname="tool.apply_patch freeform" time="0.002" file="test/tool/apply_patch.test.ts" line="384" assertions="1" />
      <testcase name="rejects missing second chunk context" classname="tool.apply_patch freeform" time="0.006" file="test/tool/apply_patch.test.ts" line="402" assertions="2" />
      <testcase name="disambiguates change context with @@ header" classname="tool.apply_patch freeform" time="0.003" file="test/tool/apply_patch.test.ts" line="420" assertions="1" />
      <testcase name="EOF anchor matches from end of file first" classname="tool.apply_patch freeform" time="0.002" file="test/tool/apply_patch.test.ts" line="438" assertions="1" />
      <testcase name="parses heredoc-wrapped patch" classname="tool.apply_patch freeform" time="0.002" file="test/tool/apply_patch.test.ts" line="460" assertions="1" />
      <testcase name="parses heredoc-wrapped patch without cat" classname="tool.apply_patch freeform" time="0.002" file="test/tool/apply_patch.test.ts" line="481" assertions="1" />
      <testcase name="matches with trailing whitespace differences" classname="tool.apply_patch freeform" time="0.006" file="test/tool/apply_patch.test.ts" line="502" assertions="1" />
      <testcase name="matches with leading whitespace differences" classname="tool.apply_patch freeform" time="0.002" file="test/tool/apply_patch.test.ts" line="522" assertions="1" />
      <testcase name="matches with Unicode punctuation differences" classname="tool.apply_patch freeform" time="0.003" file="test/tool/apply_patch.test.ts" line="542" assertions="1" />
    </testsuite>
  </testsuite>
  <testsuite name="test/tool/read.test.ts" file="test/tool/read.test.ts" tests="35" assertions="72" failures="0" skipped="0" time="0" hostname="benmurray-MS-7C84">
    <testsuite name="tool.read external_directory permission" file="test/tool/read.test.ts" line="105" tests="6" assertions="8" failures="0" skipped="0" time="0.182" hostname="benmurray-MS-7C84">
      <testcase name="allows reading absolute path inside project directory" classname="tool.read external_directory permission" time="0.016" file="test/tool/read.test.ts" line="106" assertions="1" />
      <testcase name="allows reading file in subdirectory inside project directory" classname="tool.read external_directory permission" time="0.011" file="test/tool/read.test.ts" line="116" assertions="1" />
      <testcase name="asks for external_directory permission when reading absolute path outside project" classname="tool.read external_directory permission" time="0.037001" file="test/tool/read.test.ts" line="126" assertions="2" />
      <testcase name="asks for directory-scoped external_directory permission when reading external directory" classname="tool.read external_directory permission" time="0.042001" file="test/tool/read.test.ts" line="162" assertions="2" />
      <testcase name="asks for external_directory permission when reading relative path outside project" classname="tool.read external_directory permission" time="0.036001" file="test/tool/read.test.ts" line="177" assertions="1" />
      <testcase name="does not ask for external_directory permission when reading inside project" classname="tool.read external_directory permission" time="0.040001" file="test/tool/read.test.ts" line="189" assertions="1" />
    </testsuite>
    <testsuite name="tool.read env file permissions" file="test/tool/read.test.ts" line="203" tests="14" assertions="14" failures="0" skipped="0" time="0" hostname="benmurray-MS-7C84">
      <testsuite name="agent=build" file="test/tool/read.test.ts" line="215" tests="7" assertions="7" failures="0" skipped="0" time="0.062" hostname="benmurray-MS-7C84">
        <testcase name=".env asks=true" classname="agent=build &amp;gt; tool.read env file permissions" time="0.012" file="test/tool/read.test.ts" line="217" assertions="1" />
        <testcase name=".env.local asks=true" classname="agent=build &amp;gt; tool.read env file permissions" time="0.011" file="test/tool/read.test.ts" line="217" assertions="1" />
        <testcase name=".env.production asks=true" classname="agent=build &amp;gt; tool.read env file permissions" time="0.005" file="test/tool/read.test.ts" line="217" assertions="1" />
        <testcase name=".env.development.local asks=true" classname="agent=build &amp;gt; tool.read env file permissions" time="0.006" file="test/tool/read.test.ts" line="217" assertions="1" />
        <testcase name=".env.example asks=false" classname="agent=build &amp;gt; tool.read env file permissions" time="0.011" file="test/tool/read.test.ts" line="217" assertions="1" />
        <testcase name=".envrc asks=false" classname="agent=build &amp;gt; tool.read env file permissions" time="0.005" file="test/tool/read.test.ts" line="217" assertions="1" />
        <testcase name="environment.ts asks=false" classname="agent=build &amp;gt; tool.read env file permissions" time="0.012" file="test/tool/read.test.ts" line="217" assertions="1" />
      </testsuite>
      <testsuite name="agent=plan" file="test/tool/read.test.ts" line="215" tests="7" assertions="7" failures="0" skipped="0" time="0.051" hostname="benmurray-MS-7C84">
        <testcase name=".env asks=true" classname="agent=plan &amp;gt; tool.read env file permissions" time="0.005" file="test/tool/read.test.ts" line="217" assertions="1" />
        <testcase name=".env.local asks=true" classname="agent=plan &amp;gt; tool.read env file permissions" time="0.01" file="test/tool/read.test.ts" line="217" assertions="1" />
        <testcase name=".env.production asks=true" classname="agent=plan &amp;gt; tool.read env file permissions" time="0.005" file="test/tool/read.test.ts" line="217" assertions="1" />
        <testcase name=".env.development.local asks=true" classname="agent=plan &amp;gt; tool.read env file permissions" time="0.011" file="test/tool/read.test.ts" line="217" assertions="1" />
        <testcase name=".env.example asks=false" classname="agent=plan &amp;gt; tool.read env file permissions" time="0.005" file="test/tool/read.test.ts" line="217" assertions="1" />
        <testcase name=".envrc asks=false" classname="agent=plan &amp;gt; tool.read env file permissions" time="0.01" file="test/tool/read.test.ts" line="217" assertions="1" />
        <testcase name="environment.ts asks=false" classname="agent=plan &amp;gt; tool.read env file permissions" time="0.005" file="test/tool/read.test.ts" line="217" assertions="1" />
      </testsuite>
    </testsuite>
    <testsuite name="tool.read truncation" file="test/tool/read.test.ts" line="255" tests="12" assertions="43" failures="0" skipped="0" time="0.184" hostname="benmurray-MS-7C84">
      <testcase name="truncates large file by bytes and sets truncated metadata" classname="tool.read truncation" time="0.018" file="test/tool/read.test.ts" line="256" assertions="3" />
      <testcase name="truncates by line count when limit is specified" classname="tool.read truncation" time="0.01" file="test/tool/read.test.ts" line="271" assertions="6" />
      <testcase name="does not truncate small file" classname="tool.read truncation" time="0.005" file="test/tool/read.test.ts" line="287" assertions="2" />
      <testcase name="respects offset parameter" classname="tool.read truncation" time="0.005" file="test/tool/read.test.ts" line="298" assertions="8" />
      <testcase name="throws when offset is beyond end of file" classname="tool.read truncation" time="0.009" file="test/tool/read.test.ts" line="316" assertions="1" />
      <testcase name="allows reading empty file at default offset" classname="tool.read truncation" time="0.005" file="test/tool/read.test.ts" line="327" assertions="2" />
      <testcase name="throws when offset &gt; 1 for empty file" classname="tool.read truncation" time="0.009" file="test/tool/read.test.ts" line="338" assertions="1" />
      <testcase name="does not mark final directory page as truncated" classname="tool.read truncation" time="0.004" file="test/tool/read.test.ts" line="348" assertions="2" />
      <testcase name="truncates long lines" classname="tool.read truncation" time="0.005" file="test/tool/read.test.ts" line="365" assertions="2" />
      <testcase name="image files set truncated to false" classname="tool.read truncation" time="0.009" file="test/tool/read.test.ts" line="376" assertions="6" />
[...]
    </testsuite>
    <testsuite name="request body" file="test/provider/copilot/copilot-chat-model.test.ts" line="538" tests="1" assertions="1" failures="0" skipped="0" time="0.001" hostname="benmurray-MS-7C84">
      <testcase name="should send tools in OpenAI format" classname="request body" time="0.001" file="test/provider/copilot/copilot-chat-model.test.ts" line="539" assertions="1" />
    </testsuite>
  </testsuite>
  <testsuite name="test/provider/copilot/convert-to-copilot-messages.test.ts" file="test/provider/copilot/convert-to-copilot-messages.test.ts" tests="18" assertions="23" failures="0" skipped="0" time="0" hostname="benmurray-MS-7C84">
    <testsuite name="system messages" file="test/provider/copilot/convert-to-copilot-messages.test.ts" line="4" tests="1" assertions="1" failures="0" skipped="0" time="0.003" hostname="benmurray-MS-7C84">
      <testcase name="should convert system message content to string" classname="system messages" time="0.003" file="test/provider/copilot/convert-to-copilot-messages.test.ts" line="5" assertions="1" />
    </testsuite>
    <testsuite name="user messages" file="test/provider/copilot/convert-to-copilot-messages.test.ts" line="22" tests="5" assertions="5" failures="0" skipped="0" time="0" hostname="benmurray-MS-7C84">
      <testcase name="should convert messages with only a text part to a string content" classname="user messages" time="0" file="test/provider/copilot/convert-to-copilot-messages.test.ts" line="23" assertions="1" />
      <testcase name="should convert messages with image parts" classname="user messages" time="0" file="test/provider/copilot/convert-to-copilot-messages.test.ts" line="34" assertions="1" />
      <testcase name="should convert messages with image parts from Uint8Array" classname="user messages" time="0" file="test/provider/copilot/convert-to-copilot-messages.test.ts" line="63" assertions="1" />
      <testcase name="should handle URL-based images" classname="user messages" time="0" file="test/provider/copilot/convert-to-copilot-messages.test.ts" line="92" assertions="1" />
      <testcase name="should handle multiple text parts without flattening" classname="user messages" time="0" file="test/provider/copilot/convert-to-copilot-messages.test.ts" line="119" assertions="1" />
    </testsuite>
    <testsuite name="assistant messages" file="test/provider/copilot/convert-to-copilot-messages.test.ts" line="142" tests="3" assertions="3" failures="0" skipped="0" time="0" hostname="benmurray-MS-7C84">
      <testcase name="should convert assistant text messages" classname="assistant messages" time="0" file="test/provider/copilot/convert-to-copilot-messages.test.ts" line="143" assertions="1" />
      <testcase name="should handle assistant message with null content when only tool calls" classname="assistant messages" time="0" file="test/provider/copilot/convert-to-copilot-messages.test.ts" line="162" assertions="1" />
      <testcase name="should concatenate multiple text parts" classname="assistant messages" time="0" file="test/provider/copilot/convert-to-copilot-messages.test.ts" line="197" assertions="1" />
    </testsuite>
    <testsuite name="tool calls" file="test/provider/copilot/convert-to-copilot-messages.test.ts" line="212" tests="4" assertions="6" failures="0" skipped="0" time="0" hostname="benmurray-MS-7C84">
      <testcase name="should stringify arguments to tool calls" classname="tool calls" time="0" file="test/provider/copilot/convert-to-copilot-messages.test.ts" line="213" assertions="1" />
      <testcase name="should handle text output type in tool results" classname="tool calls" time="0" file="test/provider/copilot/convert-to-copilot-messages.test.ts" line="264" assertions="1" />
      <testcase name="should handle multiple tool results as separate messages" classname="tool calls" time="0" file="test/provider/copilot/convert-to-copilot-messages.test.ts" line="288" assertions="3" />
      <testcase name="should handle text plus multiple tool calls" classname="tool calls" time="0" file="test/provider/copilot/convert-to-copilot-messages.test.ts" line="322" assertions="1" />
    </testsuite>
    <testsuite name="reasoning (copilot-specific)" file="test/provider/copilot/convert-to-copilot-messages.test.ts" line="374" tests="4" assertions="4" failures="0" skipped="0" time="0" hostname="benmurray-MS-7C84">
      <testcase name="should omit reasoning_text without reasoning_opaque" classname="reasoning (copilot-specific)" time="0" file="test/provider/copilot/convert-to-copilot-messages.test.ts" line="375" assertions="1" />
      <testcase name="should include reasoning_opaque from providerOptions" classname="reasoning (copilot-specific)" time="0" file="test/provider/copilot/convert-to-copilot-messages.test.ts" line="397" assertions="1" />
      <testcase name="should include reasoning_opaque from text part providerOptions" classname="reasoning (copilot-specific)" time="0" file="test/provider/copilot/convert-to-copilot-messages.test.ts" line="425" assertions="1" />
      <testcase name="should handle reasoning-only assistant message" classname="reasoning (copilot-specific)" time="0" file="test/provider/copilot/convert-to-copilot-messages.test.ts" line="452" assertions="1" />
    </testsuite>
    <testsuite name="full conversation" file="test/provider/copilot/convert-to-copilot-messages.test.ts" line="480" tests="1" assertions="4" failures="0" skipped="0" time="0" hostname="benmurray-MS-7C84">
      <testcase name="should convert a multi-turn conversation with reasoning" classname="full conversation" time="0" file="test/provider/copilot/convert-to-copilot-messages.test.ts" line="481" assertions="4" />
    </testsuite>
  </testsuite>
  <testsuite name="test/cli/tui/keybind-plugin.test.ts" file="test/cli/tui/keybind-plugin.test.ts" tests="5" assertions="10" failures="0" skipped="0" time="0" hostname="benmurray-MS-7C84">
    <testsuite name="createPluginKeybind" file="test/cli/tui/keybind-plugin.test.ts" line="5" tests="5" assertions="10" failures="0" skipped="0" time="0" hostname="benmurray-MS-7C84">
      <testcase name="uses defaults when overrides are missing" classname="createPluginKeybind" time="0" file="test/cli/tui/keybind-plugin.test.ts" line="11" assertions="3" />
      <testcase name="applies valid overrides" classname="createPluginKeybind" time="0" file="test/cli/tui/keybind-plugin.test.ts" line="23" assertions="1" />
      <testcase name="ignores invalid overrides" classname="createPluginKeybind" time="0" file="test/cli/tui/keybind-plugin.test.ts" line="39" assertions="2" />
      <testcase name="resolves names for match" classname="createPluginKeybind" time="0" file="test/cli/tui/keybind-plugin.test.ts" line="54" assertions="1" />
      <testcase name="resolves names for print" classname="createPluginKeybind" time="0" file="test/cli/tui/keybind-plugin.test.ts" line="73" assertions="3" />
    </testsuite>
  </testsuite>
  <testsuite name="test/cli/tui/plugin-lifecycle.test.ts" file="test/cli/tui/plugin-lifecycle.test.ts" tests="4" assertions="11" failures="0" skipped="0" time="5.027" hostname="benmurray-MS-7C84">
    <testcase name="runs onDispose callbacks with aborted signal and is idempotent" classname="" time="0.011" file="test/cli/tui/plugin-lifecycle.test.ts" line="12" assertions="3" />
    <testcase name="rolls back failed plugin and continues loading next" classname="" time="0.003" file="test/cli/tui/plugin-lifecycle.test.ts" line="63" assertions="2" />
    <testcase name="assigns sequential slot ids scoped to plugin" classname="" time="0.006" file="test/cli/tui/plugin-lifecycle.test.ts" line="120" assertions="5" />
    <testcase name="times out hanging plugin cleanup on dispose" classname="" time="5.007073" file="test/cli/tui/plugin-lifecycle.test.ts" line="184" assertions="1" />
  </testsuite>
  <testsuite name="test/cli/tui/plugin-install.test.ts" file="test/cli/tui/plugin-install.test.ts" tests="1" assertions="4" failures="0" skipped="0" time="0.01" hostname="benmurray-MS-7C84">
    <testcase name="installs plugin without loading it" classname="" time="0.01" file="test/cli/tui/plugin-install.test.ts" line="11" assertions="4" />
  </testsuite>
  <testsuite name="test/cli/tui/plugin-add.test.ts" file="test/cli/tui/plugin-add.test.ts" tests="2" assertions="7" failures="0" skipped="0" time="0.008" hostname="benmurray-MS-7C84">
    <testcase name="adds tui plugin at runtime from spec" classname="" time="0.005" file="test/cli/tui/plugin-add.test.ts" line="11" assertions="3" />
    <testcase name="retries runtime add for file plugins after dependency wait" classname="" time="0.003" file="test/cli/tui/plugin-add.test.ts" line="63" assertions="4" />
  </testsuite>
  <testsuite name="test/cli/tui/plugin-loader-pure.test.ts" file="test/cli/tui/plugin-loader-pure.test.ts" tests="1" assertions="1" failures="0" skipped="0" time="0.004" hostname="benmurray-MS-7C84">
    <testcase name="skips external tui plugins in pure mode" classname="" time="0.004" file="test/cli/tui/plugin-loader-pure.test.ts" line="11" assertions="1" />
  </testsuite>
  <testsuite name="test/cli/tui/theme-store.test.ts" file="test/cli/tui/theme-store.test.ts" tests="5" assertions="12" failures="0" skipped="0" time="0.007" hostname="benmurray-MS-7C84">
    <testcase name="addTheme writes into module theme store" classname="" time="0.004" file="test/cli/tui/theme-store.test.ts" line="7" assertions="2" />
    <testcase name="addTheme keeps first theme for duplicate names" classname="" time="0.001" file="test/cli/tui/theme-store.test.ts" line="14" assertions="4" />
    <testcase name="addTheme ignores entries without a theme object" classname="" time="0.001" file="test/cli/tui/theme-store.test.ts" line="28" assertions="2" />
    <testcase name="hasTheme checks theme presence" classname="" time="0.001" file="test/cli/tui/theme-store.test.ts" line="34" assertions="3" />
    <testcase name="resolveTheme rejects circular color refs" classname="" time="0" file="test/cli/tui/theme-store.test.ts" line="41" assertions="1" />
  </testsuite>
  <testsuite name="test/cli/tui/plugin-loader.test.ts" file="test/cli/tui/plugin-loader.test.ts" tests="5" assertions="59" failures="0" skipped="0" time="0.051" hostname="benmurray-MS-7C84">
    <testcase name="continues loading when a plugin is missing config metadata" classname="" time="0.006" file="test/cli/tui/plugin-loader.test.ts" line="420" assertions="3" />
    <testcase name="initializes external tui plugins in config order" classname="" time="0.032" file="test/cli/tui/plugin-loader.test.ts" line="504" assertions="1" />
    <testsuite name="tui.plugin.loader" file="test/cli/tui/plugin-loader.test.ts" line="582" tests="2" assertions="51" failures="0" skipped="0" time="0" hostname="benmurray-MS-7C84">
      <testcase name="passes keybind, kv, state, and dialog APIs to v1 plugins" classname="tui.plugin.loader" time="0" file="test/cli/tui/plugin-loader.test.ts" line="589" assertions="26" />
      <testcase name="installs themes in the correct scope and remains resilient" classname="tui.plugin.loader" time="0" file="test/cli/tui/plugin-loader.test.ts" line="618" assertions="25" />
    </testsuite>
    <testcase name="updates installed theme when plugin metadata changes" classname="" time="0.013" file="test/cli/tui/plugin-loader.test.ts" line="651" assertions="4" />
  </testsuite>
  <testsuite name="test/cli/tui/transcript.test.ts" file="test/cli/tui/transcript.test.ts" tests="18" assertions="37" failures="0" skipped="0" time="0" hostname="benmurray-MS-7C84">
    <testsuite name="transcript" file="test/cli/tui/transcript.test.ts" line="69" tests="18" assertions="37" failures="0" skipped="0" time="0" hostname="benmurray-MS-7C84">
      <testsuite name="formatAssistantHeader" file="test/cli/tui/transcript.test.ts" line="70" tests="5" assertions="5" failures="0" skipped="0" time="0.001" hostname="benmurray-MS-7C84">
        <testcase name="includes metadata when enabled" classname="formatAssistantHeader &amp;gt; transcript" time="0" file="test/cli/tui/transcript.test.ts" line="86" assertions="1" />
        <testcase name="uses model display name when available" classname="formatAssistantHeader &amp;gt; transcript" time="0" file="test/cli/tui/transcript.test.ts" line="91" assertions="1" />
        <testcase name="excludes metadata when disabled" classname="formatAssistantHeader &amp;gt; transcript" time="0" file="test/cli/tui/transcript.test.ts" line="96" assertions="1" />
        <testcase name="handles missing completed time" classname="formatAssistantHeader &amp;gt; transcript" time="0.001" file="test/cli/tui/transcript.test.ts" line="101" assertions="1" />
        <testcase name="titlecases agent name" classname="formatAssistantHeader &amp;gt; transcript" time="0" file="test/cli/tui/transcript.test.ts" line="107" assertions="1" />
      </testsuite>
      <testsuite name="formatPart" file="test/cli/tui/transcript.test.ts" line="114" tests="8" assertions="17" failures="0" skipped="0" time="0" hostname="benmurray-MS-7C84">
        <testcase name="formats text part" classname="formatPart &amp;gt; transcript" time="0" file="test/cli/tui/transcript.test.ts" line="117" assertions="1" />
        <testcase name="skips synthetic text parts" classname="formatPart &amp;gt; transcript" time="0" file="test/cli/tui/transcript.test.ts" line="129" assertions="1" />
        <testcase name="formats reasoning when thinking enabled" classname="formatPart &amp;gt; transcript" time="0" file="test/cli/tui/transcript.test.ts" line="142" assertions="1" />
        <testcase name="skips reasoning when thinking disabled" classname="formatPart &amp;gt; transcript" time="0" file="test/cli/tui/transcript.test.ts" line="155" assertions="1" />
        <testcase name="formats tool part with details" classname="formatPart &amp;gt; transcript" time="0" file="test/cli/tui/transcript.test.ts" line="168" assertions="5" />
        <testcase name="formats tool output containing triple backticks without breaking markdown" classname="formatPart &amp;gt; transcript" time="0" file="test/cli/tui/transcript.test.ts" line="193" assertions="3" />
        <testcase name="formats tool part without details when disabled" classname="formatPart &amp;gt; transcript" time="0" file="test/cli/tui/transcript.test.ts" line="218" assertions="3" />
        <testcase name="formats tool error" classname="formatPart &amp;gt; transcript" time="0" file="test/cli/tui/transcript.test.ts" line="241" assertions="2" />
      </testsuite>
      <testsuite name="formatMessage" file="test/cli/tui/transcript.test.ts" line="262" tests="2" assertions="4" failures="0" skipped="0" time="0" hostname="benmurray-MS-7C84">
        <testcase name="formats user message" classname="formatMessage &amp;gt; transcript" time="0" file="test/cli/tui/transcript.test.ts" line="265" assertions="2" />
        <testcase name="formats assistant message with metadata" classname="formatMessage &amp;gt; transcript" time="0" file="test/cli/tui/transcript.test.ts" line="280" assertions="2" />
      </testsuite>
      <testsuite name="formatTranscript" file="test/cli/tui/transcript.test.ts" line="302" tests="3" assertions="11" failures="0" skipped="0" time="0.001" hostname="benmurray-MS-7C84">
        <testcase name="formats complete transcript" classname="formatTranscript &amp;gt; transcript" time="0.001" file="test/cli/tui/transcript.test.ts" line="303" assertions="7" />
        <testcase name="falls back to raw model id when provider data is missing" classname="formatTranscript &amp;gt; transcript" time="0" file="test/cli/tui/transcript.test.ts" line="357" assertions="1" />
        <testcase name="formats transcript without assistant metadata" classname="formatTranscript &amp;gt; transcript" time="0" file="test/cli/tui/transcript.test.ts" line="392" assertions="3" />
      </testsuite>
    </testsuite>
  </testsuite>
  <testsuite name="test/cli/tui/slot-replace.test.tsx" file="test/cli/tui/slot-replace.test.tsx" tests="1" assertions="1" failures="0" skipped="0" time="0.015" hostname="benmurray-MS-7C84">
    <testcase name="replace slot mounts plugin content once" classname="" time="0.015" file="test/cli/tui/slot-replace.test.tsx" line="8" assertions="1" />
  </testsuite>
  <testsuite name="test/cli/tui/thread.test.ts" file="test/cli/tui/thread.test.ts" tests="2" assertions="6" failures="0" skipped="0" time="0" hostname="benmurray-MS-7C84">
    <testsuite name="tui thread" file="test/cli/tui/thread.test.ts" line="52" tests="2" assertions="6" failures="0" skipped="0" time="0.049" hostname="benmurray-MS-7C84">
      <testcase name="uses the real cwd when PWD points at a symlink" classname="tui thread" time="0.024" file="test/cli/tui/thread.test.ts" line="121" assertions="3" />
      <testcase name="uses the real cwd after resolving a relative project from PWD" classname="tui thread" time="0.025" file="test/cli/tui/thread.test.ts" line="125" assertions="3" />
    </testsuite>
  </testsuite>
  <testsuite name="test/cli/tui/plugin-loader-entrypoint.test.ts" file="test/cli/tui/plugin-loader-entrypoint.test.ts" tests="8" assertions="20" failures="0" skipped="0" time="0.027" hostname="benmurray-MS-7C84">
    <testcase name="loads npm tui plugin from package ./tui export" classname="" time="0.007" file="test/cli/tui/plugin-loader-entrypoint.test.ts" line="12" assertions="4" />
    <testcase name="does not use npm package exports dot for tui entry" classname="" time="0.003" file="test/cli/tui/plugin-loader-entrypoint.test.ts" line="78" assertions="2" />
    <testcase name="rejects npm tui export that resolves outside plugin directory" classname="" time="0.002" file="test/cli/tui/plugin-loader-entrypoint.test.ts" line="137" assertions="2" />
    <testcase name="rejects npm tui plugin that exports server and tui together" classname="" time="0.002" file="test/cli/tui/plugin-loader-entrypoint.test.ts" line="202" assertions="2" />
    <testcase name="does not use npm package main for tui entry" classname="" time="0.002" file="test/cli/tui/plugin-loader-entrypoint.test.ts" line="263" assertions="4" />
    <testcase name="does not use directory package main for tui entry" classname="" time="0.006" file="test/cli/tui/plugin-loader-entrypoint.test.ts" line="328" assertions="2" />
    <testcase name="uses directory index fallback for tui when package.json is missing" classname="" time="0.002" file="test/cli/tui/plugin-loader-entrypoint.test.ts" line="386" assertions="2" />
    <testcase name="uses npm package name when tui plugin id is omitted" classname="" time="0.003" file="test/cli/tui/plugin-loader-entrypoint.test.ts" line="434" assertions="2" />
  </testsuite>
  <testsuite name="test/cli/tui/plugin-toggle.test.ts" file="test/cli/tui/plugin-toggle.test.ts" tests="2" assertions="11" failures="0" skipped="0" time="0.01" hostname="benmurray-MS-7C84">
    <testcase name="toggles plugin runtime state by exported id" classname="" time="0.007" file="test/cli/tui/plugin-toggle.test.ts" line="11" assertions="9" />
    <testcase name="kv plugin_enabled overrides tui config on startup" classname="" time="0.003" file="test/cli/tui/plugin-toggle.test.ts" line="94" assertions="2" />
  </testsuite>
  <testsuite name="test/cli/cmd/tui/prompt-part.test.ts" file="test/cli/cmd/tui/prompt-part.test.ts" tests="2" assertions="4" failures="0" skipped="0" time="0" hostname="benmurray-MS-7C84">
    <testsuite name="prompt part" file="test/cli/cmd/tui/prompt-part.test.ts" line="5" tests="2" assertions="4" failures="0" skipped="0" time="0.004" hostname="benmurray-MS-7C84">
      <testcase name="strip removes persisted ids from reused file parts" classname="prompt part" time="0.003" file="test/cli/cmd/tui/prompt-part.test.ts" line="6" assertions="1" />
      <testcase name="assign overwrites stale runtime ids" classname="prompt part" time="0.001" file="test/cli/cmd/tui/prompt-part.test.ts" line="25" assertions="3" />
    </testsuite>
  </testsuite>
</testsuites>
